<?xml version="1.0" encoding="UTF-8"?>
<testsuite name="com.bit.stack.springboot.web.PostsApiControllerTest" tests="2" skipped="0" failures="0" errors="0" timestamp="2021-07-15T05:30:55" hostname="DESKTOP-ENVKODQ" time="0.411">
  <properties/>
  <testcase name="Posts_등록된다" classname="com.bit.stack.springboot.web.PostsApiControllerTest" time="0.171"/>
  <testcase name="Posts_수정된다" classname="com.bit.stack.springboot.web.PostsApiControllerTest" time="0.239"/>
  <system-out><![CDATA[2021-07-15 14:30:55.846  INFO 13340 --- [    Test worker] .b.t.c.SpringBootTestContextBootstrapper : Neither @ContextConfiguration nor @ContextHierarchy found for test class [com.bit.stack.springboot.web.PostsApiControllerTest], using SpringBootContextLoader
2021-07-15 14:30:55.848  INFO 13340 --- [    Test worker] o.s.t.c.support.AbstractContextLoader    : Could not detect default resource locations for test class [com.bit.stack.springboot.web.PostsApiControllerTest]: no resource found for suffixes {-context.xml, Context.groovy}.
2021-07-15 14:30:55.849  INFO 13340 --- [    Test worker] t.c.s.AnnotationConfigContextLoaderUtils : Could not detect default configuration classes for test class [com.bit.stack.springboot.web.PostsApiControllerTest]: PostsApiControllerTest does not declare any static, non-private, non-final, nested classes annotated with @Configuration.
2021-07-15 14:30:55.857  INFO 13340 --- [    Test worker] .b.t.c.SpringBootTestContextBootstrapper : Found @SpringBootConfiguration com.bit.stack.springboot.Application for test class com.bit.stack.springboot.web.PostsApiControllerTest
2021-07-15 14:30:55.860  INFO 13340 --- [    Test worker] .b.t.c.SpringBootTestContextBootstrapper : Loaded default TestExecutionListener class names from location [META-INF/spring.factories]: [org.springframework.security.test.context.support.WithSecurityContextTestExecutionListener, org.springframework.security.test.context.support.ReactorContextTestExecutionListener, org.springframework.boot.test.autoconfigure.restdocs.RestDocsTestExecutionListener, org.springframework.boot.test.autoconfigure.web.client.MockRestServiceServerResetTestExecutionListener, org.springframework.boot.test.autoconfigure.web.servlet.MockMvcPrintOnlyOnFailureTestExecutionListener, org.springframework.boot.test.autoconfigure.web.servlet.WebDriverTestExecutionListener, org.springframework.boot.test.mock.mockito.MockitoTestExecutionListener, org.springframework.boot.test.mock.mockito.ResetMocksTestExecutionListener, org.springframework.test.context.web.ServletTestExecutionListener, org.springframework.test.context.support.DirtiesContextBeforeModesTestExecutionListener, org.springframework.test.context.support.DependencyInjectionTestExecutionListener, org.springframework.test.context.support.DirtiesContextTestExecutionListener, org.springframework.test.context.transaction.TransactionalTestExecutionListener, org.springframework.test.context.jdbc.SqlScriptsTestExecutionListener]
2021-07-15 14:30:55.862  INFO 13340 --- [    Test worker] .b.t.c.SpringBootTestContextBootstrapper : Using TestExecutionListeners: [org.springframework.test.context.web.ServletTestExecutionListener@4174db00, org.springframework.test.context.support.DirtiesContextBeforeModesTestExecutionListener@3776959b, org.springframework.boot.test.mock.mockito.MockitoTestExecutionListener@10ceb949, org.springframework.boot.test.autoconfigure.SpringBootDependencyInjectionTestExecutionListener@d34a3f1, org.springframework.test.context.support.DirtiesContextTestExecutionListener@6a7fd58c, org.springframework.test.context.transaction.TransactionalTestExecutionListener@69a65f15, org.springframework.test.context.jdbc.SqlScriptsTestExecutionListener@cc7b799, org.springframework.security.test.context.support.WithSecurityContextTestExecutionListener@2444a6db, org.springframework.security.test.context.support.ReactorContextTestExecutionListener@3083c46a, org.springframework.boot.test.autoconfigure.restdocs.RestDocsTestExecutionListener@6b066b98, org.springframework.boot.test.autoconfigure.web.client.MockRestServiceServerResetTestExecutionListener@5acc721e, org.springframework.boot.test.autoconfigure.web.servlet.MockMvcPrintOnlyOnFailureTestExecutionListener@5bbf75e2, org.springframework.boot.test.autoconfigure.web.servlet.WebDriverTestExecutionListener@75314a6b, org.springframework.boot.test.mock.mockito.ResetMocksTestExecutionListener@2db3b5fe]
2021-07-15 14:30:55.875  INFO 13340 --- [    Test worker] o.a.c.c.C.[Tomcat].[localhost].[/]       : Initializing Spring TestDispatcherServlet ''
2021-07-15 14:30:55.875  INFO 13340 --- [    Test worker] o.s.t.web.servlet.TestDispatcherServlet  : Initializing Servlet ''
2021-07-15 14:30:55.880  INFO 13340 --- [    Test worker] o.s.t.web.servlet.TestDispatcherServlet  : Completed initialization in 5 ms
Hibernate: insert into posts (created_date, modified_date, author, content, title) values (?, ?, ?, ?, ?)
Hibernate: select posts0_.id as id1_0_, posts0_.created_date as created_2_0_, posts0_.modified_date as modified3_0_, posts0_.author as author4_0_, posts0_.content as content5_0_, posts0_.title as title6_0_ from posts posts0_
Hibernate: select posts0_.id as id1_0_, posts0_.created_date as created_2_0_, posts0_.modified_date as modified3_0_, posts0_.author as author4_0_, posts0_.content as content5_0_, posts0_.title as title6_0_ from posts posts0_
Hibernate: delete from posts where id=?
2021-07-15 14:30:56.047  INFO 13340 --- [    Test worker] o.a.c.c.C.[Tomcat].[localhost].[/]       : Initializing Spring TestDispatcherServlet ''
2021-07-15 14:30:56.048  INFO 13340 --- [    Test worker] o.s.t.web.servlet.TestDispatcherServlet  : Initializing Servlet ''
2021-07-15 14:30:56.054  INFO 13340 --- [    Test worker] o.s.t.web.servlet.TestDispatcherServlet  : Completed initialization in 5 ms
Hibernate: insert into posts (created_date, modified_date, author, content, title) values (?, ?, ?, ?, ?)
Hibernate: select posts0_.id as id1_0_0_, posts0_.created_date as created_2_0_0_, posts0_.modified_date as modified3_0_0_, posts0_.author as author4_0_0_, posts0_.content as content5_0_0_, posts0_.title as title6_0_0_ from posts posts0_ where posts0_.id=?
Hibernate: update posts set created_date=?, modified_date=?, author=?, content=?, title=? where id=?
Hibernate: select posts0_.id as id1_0_, posts0_.created_date as created_2_0_, posts0_.modified_date as modified3_0_, posts0_.author as author4_0_, posts0_.content as content5_0_, posts0_.title as title6_0_ from posts posts0_
Hibernate: select posts0_.id as id1_0_, posts0_.created_date as created_2_0_, posts0_.modified_date as modified3_0_, posts0_.author as author4_0_, posts0_.content as content5_0_, posts0_.title as title6_0_ from posts posts0_
Hibernate: delete from posts where id=?
]]></system-out>
  <system-err><![CDATA[]]></system-err>
</testsuite>
