<?xml version="1.0" encoding="UTF-8"?>
<testsuite name="com.bit.stack.springboot.web.IndexControllerTest" tests="1" skipped="0" failures="0" errors="0" timestamp="2021-07-15T05:30:44" hostname="DESKTOP-ENVKODQ" time="2.801">
  <properties/>
  <testcase name="메인페이지_로딩" classname="com.bit.stack.springboot.web.IndexControllerTest" time="2.801"/>
  <system-out><![CDATA[14:30:23.550 [Test worker] DEBUG org.springframework.test.context.junit4.SpringJUnit4ClassRunner - SpringJUnit4ClassRunner constructor called with [class com.bit.stack.springboot.web.IndexControllerTest]
14:30:23.566 [Test worker] DEBUG org.springframework.test.context.BootstrapUtils - Instantiating CacheAwareContextLoaderDelegate from class [org.springframework.test.context.cache.DefaultCacheAwareContextLoaderDelegate]
14:30:23.590 [Test worker] DEBUG org.springframework.test.context.BootstrapUtils - Instantiating BootstrapContext using constructor [public org.springframework.test.context.support.DefaultBootstrapContext(java.lang.Class,org.springframework.test.context.CacheAwareContextLoaderDelegate)]
14:30:23.629 [Test worker] DEBUG org.springframework.test.context.BootstrapUtils - Instantiating TestContextBootstrapper for test class [com.bit.stack.springboot.web.IndexControllerTest] from class [org.springframework.boot.test.context.SpringBootTestContextBootstrapper]
14:30:23.654 [Test worker] INFO org.springframework.boot.test.context.SpringBootTestContextBootstrapper - Neither @ContextConfiguration nor @ContextHierarchy found for test class [com.bit.stack.springboot.web.IndexControllerTest], using SpringBootContextLoader
14:30:23.662 [Test worker] DEBUG org.springframework.test.context.support.AbstractContextLoader - Did not detect default resource location for test class [com.bit.stack.springboot.web.IndexControllerTest]: class path resource [com/bit/stack/springboot/web/IndexControllerTest-context.xml] does not exist
14:30:23.663 [Test worker] DEBUG org.springframework.test.context.support.AbstractContextLoader - Did not detect default resource location for test class [com.bit.stack.springboot.web.IndexControllerTest]: class path resource [com/bit/stack/springboot/web/IndexControllerTestContext.groovy] does not exist
14:30:23.663 [Test worker] INFO org.springframework.test.context.support.AbstractContextLoader - Could not detect default resource locations for test class [com.bit.stack.springboot.web.IndexControllerTest]: no resource found for suffixes {-context.xml, Context.groovy}.
14:30:23.665 [Test worker] INFO org.springframework.test.context.support.AnnotationConfigContextLoaderUtils - Could not detect default configuration classes for test class [com.bit.stack.springboot.web.IndexControllerTest]: IndexControllerTest does not declare any static, non-private, non-final, nested classes annotated with @Configuration.
14:30:23.771 [Test worker] DEBUG org.springframework.test.context.support.ActiveProfilesUtils - Could not find an 'annotation declaring class' for annotation type [org.springframework.test.context.ActiveProfiles] and class [com.bit.stack.springboot.web.IndexControllerTest]
14:30:24.037 [Test worker] DEBUG org.springframework.context.annotation.ClassPathScanningCandidateComponentProvider - Identified candidate component class: file [C:\Users\Lee SH\Desktop\workSpace\springboot-webservice\build\classes\java\main\com\bit\stack\springboot\Application.class]
14:30:24.042 [Test worker] INFO org.springframework.boot.test.context.SpringBootTestContextBootstrapper - Found @SpringBootConfiguration com.bit.stack.springboot.Application for test class com.bit.stack.springboot.web.IndexControllerTest
14:30:24.277 [Test worker] DEBUG org.springframework.boot.test.context.SpringBootTestContextBootstrapper - @TestExecutionListeners is not present for class [com.bit.stack.springboot.web.IndexControllerTest]: using defaults.
14:30:24.279 [Test worker] INFO org.springframework.boot.test.context.SpringBootTestContextBootstrapper - Loaded default TestExecutionListener class names from location [META-INF/spring.factories]: [org.springframework.security.test.context.support.WithSecurityContextTestExecutionListener, org.springframework.security.test.context.support.ReactorContextTestExecutionListener, org.springframework.boot.test.autoconfigure.restdocs.RestDocsTestExecutionListener, org.springframework.boot.test.autoconfigure.web.client.MockRestServiceServerResetTestExecutionListener, org.springframework.boot.test.autoconfigure.web.servlet.MockMvcPrintOnlyOnFailureTestExecutionListener, org.springframework.boot.test.autoconfigure.web.servlet.WebDriverTestExecutionListener, org.springframework.boot.test.mock.mockito.MockitoTestExecutionListener, org.springframework.boot.test.mock.mockito.ResetMocksTestExecutionListener, org.springframework.test.context.web.ServletTestExecutionListener, org.springframework.test.context.support.DirtiesContextBeforeModesTestExecutionListener, org.springframework.test.context.support.DependencyInjectionTestExecutionListener, org.springframework.test.context.support.DirtiesContextTestExecutionListener, org.springframework.test.context.transaction.TransactionalTestExecutionListener, org.springframework.test.context.jdbc.SqlScriptsTestExecutionListener]
14:30:24.336 [Test worker] INFO org.springframework.boot.test.context.SpringBootTestContextBootstrapper - Using TestExecutionListeners: [org.springframework.test.context.web.ServletTestExecutionListener@49b857e4, org.springframework.test.context.support.DirtiesContextBeforeModesTestExecutionListener@5a387f4a, org.springframework.boot.test.mock.mockito.MockitoTestExecutionListener@7a2b70f9, org.springframework.boot.test.autoconfigure.SpringBootDependencyInjectionTestExecutionListener@68251a13, org.springframework.test.context.support.DirtiesContextTestExecutionListener@63a96784, org.springframework.test.context.transaction.TransactionalTestExecutionListener@7a729694, org.springframework.test.context.jdbc.SqlScriptsTestExecutionListener@5bff9d9b, org.springframework.security.test.context.support.WithSecurityContextTestExecutionListener@1b4af175, org.springframework.security.test.context.support.ReactorContextTestExecutionListener@337730df, org.springframework.boot.test.autoconfigure.restdocs.RestDocsTestExecutionListener@5ddfc613, org.springframework.boot.test.autoconfigure.web.client.MockRestServiceServerResetTestExecutionListener@7aeb9b76, org.springframework.boot.test.autoconfigure.web.servlet.MockMvcPrintOnlyOnFailureTestExecutionListener@36e60c07, org.springframework.boot.test.autoconfigure.web.servlet.WebDriverTestExecutionListener@3c9d23cc, org.springframework.boot.test.mock.mockito.ResetMocksTestExecutionListener@1fd19512]
14:30:24.342 [Test worker] DEBUG org.springframework.test.annotation.ProfileValueUtils - Retrieved @ProfileValueSourceConfiguration [null] for test class [com.bit.stack.springboot.web.IndexControllerTest]
14:30:24.343 [Test worker] DEBUG org.springframework.test.annotation.ProfileValueUtils - Retrieved ProfileValueSource type [class org.springframework.test.annotation.SystemProfileValueSource] for class [com.bit.stack.springboot.web.IndexControllerTest]
14:30:24.344 [Test worker] DEBUG org.springframework.test.annotation.ProfileValueUtils - Retrieved @ProfileValueSourceConfiguration [null] for test class [com.bit.stack.springboot.web.IndexControllerTest]
14:30:24.344 [Test worker] DEBUG org.springframework.test.annotation.ProfileValueUtils - Retrieved ProfileValueSource type [class org.springframework.test.annotation.SystemProfileValueSource] for class [com.bit.stack.springboot.web.IndexControllerTest]
14:30:24.353 [Test worker] DEBUG org.springframework.test.context.support.AbstractDirtiesContextTestExecutionListener - Before test class: context [DefaultTestContext@9943a09 testClass = IndexControllerTest, testInstance = [null], testMethod = [null], testException = [null], mergedContextConfiguration = [WebMergedContextConfiguration@30f97c59 testClass = IndexControllerTest, locations = '{}', classes = '{class com.bit.stack.springboot.Application}', contextInitializerClasses = '[]', activeProfiles = '{}', propertySourceLocations = '{}', propertySourceProperties = '{org.springframework.boot.test.context.SpringBootTestContextBootstrapper=true, server.port=0}', contextCustomizers = set[org.springframework.boot.test.autoconfigure.properties.PropertyMappingContextCustomizer@0, org.springframework.boot.test.autoconfigure.web.servlet.WebDriverContextCustomizerFactory$Customizer@2c9553d1, org.springframework.boot.test.context.filter.ExcludeFilterContextCustomizer@5ab6ab07, org.springframework.boot.test.json.DuplicateJsonObjectContextCustomizerFactory$DuplicateJsonObjectContextCustomizer@1b6a4fbc, org.springframework.boot.test.mock.mockito.MockitoContextCustomizer@0, org.springframework.boot.test.web.client.TestRestTemplateContextCustomizer@2ca026f7], resourceBasePath = 'src/main/webapp', contextLoader = 'org.springframework.boot.test.context.SpringBootContextLoader', parent = [null]], attributes = map['org.springframework.test.context.web.ServletTestExecutionListener.activateListener' -> false]], class annotated with @DirtiesContext [false] with mode [null].
14:30:24.354 [Test worker] DEBUG org.springframework.test.annotation.ProfileValueUtils - Retrieved @ProfileValueSourceConfiguration [null] for test class [com.bit.stack.springboot.web.IndexControllerTest]
14:30:24.354 [Test worker] DEBUG org.springframework.test.annotation.ProfileValueUtils - Retrieved ProfileValueSource type [class org.springframework.test.annotation.SystemProfileValueSource] for class [com.bit.stack.springboot.web.IndexControllerTest]
14:30:24.363 [Test worker] DEBUG org.springframework.test.context.support.DependencyInjectionTestExecutionListener - Performing dependency injection for test context [[DefaultTestContext@9943a09 testClass = IndexControllerTest, testInstance = com.bit.stack.springboot.web.IndexControllerTest@9c97127, testMethod = [null], testException = [null], mergedContextConfiguration = [WebMergedContextConfiguration@30f97c59 testClass = IndexControllerTest, locations = '{}', classes = '{class com.bit.stack.springboot.Application}', contextInitializerClasses = '[]', activeProfiles = '{}', propertySourceLocations = '{}', propertySourceProperties = '{org.springframework.boot.test.context.SpringBootTestContextBootstrapper=true, server.port=0}', contextCustomizers = set[org.springframework.boot.test.autoconfigure.properties.PropertyMappingContextCustomizer@0, org.springframework.boot.test.autoconfigure.web.servlet.WebDriverContextCustomizerFactory$Customizer@2c9553d1, org.springframework.boot.test.context.filter.ExcludeFilterContextCustomizer@5ab6ab07, org.springframework.boot.test.json.DuplicateJsonObjectContextCustomizerFactory$DuplicateJsonObjectContextCustomizer@1b6a4fbc, org.springframework.boot.test.mock.mockito.MockitoContextCustomizer@0, org.springframework.boot.test.web.client.TestRestTemplateContextCustomizer@2ca026f7], resourceBasePath = 'src/main/webapp', contextLoader = 'org.springframework.boot.test.context.SpringBootContextLoader', parent = [null]], attributes = map['org.springframework.test.context.web.ServletTestExecutionListener.activateListener' -> false]]].
14:30:24.409 [Test worker] DEBUG org.springframework.test.context.support.TestPropertySourceUtils - Adding inlined properties to environment: {spring.jmx.enabled=false, org.springframework.boot.test.context.SpringBootTestContextBootstrapper=true, server.port=0}

  .   ____          _            __ _ _
 /\\ / ___'_ __ _ _(_)_ __  __ _ \ \ \ \
( ( )\___ | '_ | '_| | '_ \/ _` | \ \ \ \
 \\/  ___)| |_)| | | | | || (_| |  ) ) ) )
  '  |____| .__|_| |_|_| |_\__, | / / / /
 =========|_|==============|___/=/_/_/_/
 :: Spring Boot ::        (v2.1.7.RELEASE)

2021-07-15 14:30:25.314  INFO 13340 --- [    Test worker] c.b.s.s.web.IndexControllerTest          : Starting IndexControllerTest on DESKTOP-ENVKODQ with PID 13340 (started by LeeSH in C:\Users\Lee SH\Desktop\workSpace\springboot-webservice)
2021-07-15 14:30:25.316  INFO 13340 --- [    Test worker] c.b.s.s.web.IndexControllerTest          : No active profile set, falling back to default profiles: default
2021-07-15 14:30:28.565  INFO 13340 --- [    Test worker] .s.d.r.c.RepositoryConfigurationDelegate : Bootstrapping Spring Data repositories in DEFAULT mode.
2021-07-15 14:30:28.782  INFO 13340 --- [    Test worker] .s.d.r.c.RepositoryConfigurationDelegate : Finished Spring Data repository scanning in 188ms. Found 2 repository interfaces.
2021-07-15 14:30:29.938  INFO 13340 --- [    Test worker] trationDelegate$BeanPostProcessorChecker : Bean 'org.springframework.transaction.annotation.ProxyTransactionManagementConfiguration' of type [org.springframework.transaction.annotation.ProxyTransactionManagementConfiguration$$EnhancerBySpringCGLIB$$aeb05054] is not eligible for getting processed by all BeanPostProcessors (for example: not eligible for auto-proxying)
2021-07-15 14:30:31.102  INFO 13340 --- [    Test worker] o.s.b.w.embedded.tomcat.TomcatWebServer  : Tomcat initialized with port(s): 0 (http)
2021-07-15 14:30:31.176  INFO 13340 --- [    Test worker] o.apache.catalina.core.StandardService   : Starting service [Tomcat]
2021-07-15 14:30:31.177  INFO 13340 --- [    Test worker] org.apache.catalina.core.StandardEngine  : Starting Servlet engine: [Apache Tomcat/9.0.22]
2021-07-15 14:30:31.539  INFO 13340 --- [    Test worker] o.a.c.c.C.[Tomcat].[localhost].[/]       : Initializing Spring embedded WebApplicationContext
2021-07-15 14:30:31.540  INFO 13340 --- [    Test worker] o.s.web.context.ContextLoader            : Root WebApplicationContext: initialization completed in 6137 ms
2021-07-15 14:30:32.177  INFO 13340 --- [    Test worker] com.zaxxer.hikari.HikariDataSource       : HikariPool-1 - Starting...
2021-07-15 14:30:32.645  INFO 13340 --- [    Test worker] com.zaxxer.hikari.HikariDataSource       : HikariPool-1 - Start completed.
2021-07-15 14:30:32.889  INFO 13340 --- [    Test worker] o.hibernate.jpa.internal.util.LogHelper  : HHH000204: Processing PersistenceUnitInfo [
	name: default
	...]
2021-07-15 14:30:33.074  INFO 13340 --- [    Test worker] org.hibernate.Version                    : HHH000412: Hibernate Core {5.3.10.Final}
2021-07-15 14:30:33.079  INFO 13340 --- [    Test worker] org.hibernate.cfg.Environment            : HHH000206: hibernate.properties not found
2021-07-15 14:30:33.518  INFO 13340 --- [    Test worker] o.hibernate.annotations.common.Version   : HCANN000001: Hibernate Commons Annotations {5.0.4.Final}
2021-07-15 14:30:34.042  INFO 13340 --- [    Test worker] org.hibernate.dialect.Dialect            : HHH000400: Using dialect: org.hibernate.dialect.MySQL5InnoDBDialect
Hibernate: drop table if exists posts
Hibernate: drop table if exists user
Hibernate: create table posts (id bigint not null auto_increment, created_date datetime, modified_date datetime, author varchar(255), content TEXT not null, title varchar(500) not null, primary key (id)) engine=InnoDB
Hibernate: create table user (id bigint not null auto_increment, created_date datetime, modified_date datetime, email varchar(255) not null, name varchar(255) not null, picture varchar(255), role varchar(255) not null, primary key (id)) engine=InnoDB
2021-07-15 14:30:36.114  INFO 13340 --- [    Test worker] o.h.t.schema.internal.SchemaCreatorImpl  : HHH000476: Executing import script 'org.hibernate.tool.schema.internal.exec.ScriptSourceInputNonExistentImpl@61bc2a7c'
2021-07-15 14:30:36.121  INFO 13340 --- [    Test worker] j.LocalContainerEntityManagerFactoryBean : Initialized JPA EntityManagerFactory for persistence unit 'default'
2021-07-15 14:30:39.046  INFO 13340 --- [    Test worker] o.h.h.i.QueryTranslatorFactoryInitiator  : HHH000397: Using ASTQueryTranslatorFactory
2021-07-15 14:30:41.175  INFO 13340 --- [    Test worker] o.s.s.web.DefaultSecurityFilterChain     : Creating filter chain: any request, [org.springframework.security.web.context.request.async.WebAsyncManagerIntegrationFilter@42dd4907, org.springframework.security.web.context.SecurityContextPersistenceFilter@6585480a, org.springframework.security.web.header.HeaderWriterFilter@1d65620f, org.springframework.security.web.authentication.logout.LogoutFilter@40f12ec8, org.springframework.security.oauth2.client.web.OAuth2AuthorizationRequestRedirectFilter@5ed79291, org.springframework.security.oauth2.client.web.OAuth2LoginAuthenticationFilter@3f641ccb, org.springframework.security.web.authentication.ui.DefaultLoginPageGeneratingFilter@cff0bdc, org.springframework.security.web.authentication.ui.DefaultLogoutPageGeneratingFilter@7f13c0f8, org.springframework.security.web.savedrequest.RequestCacheAwareFilter@732284ae, org.springframework.security.web.servletapi.SecurityContextHolderAwareRequestFilter@118753ae, org.springframework.security.web.authentication.AnonymousAuthenticationFilter@67d7e046, org.springframework.security.web.session.SessionManagementFilter@1b7c6064, org.springframework.security.web.access.ExceptionTranslationFilter@2c7fde99, org.springframework.security.web.access.intercept.FilterSecurityInterceptor@2bc9c63d]
2021-07-15 14:30:43.174  INFO 13340 --- [    Test worker] o.s.s.concurrent.ThreadPoolTaskExecutor  : Initializing ExecutorService 'applicationTaskExecutor'
2021-07-15 14:30:43.343  WARN 13340 --- [    Test worker] aWebConfiguration$JpaWebMvcConfiguration : spring.jpa.open-in-view is enabled by default. Therefore, database queries may be performed during view rendering. Explicitly configure spring.jpa.open-in-view to disable this warning
2021-07-15 14:30:43.495  INFO 13340 --- [    Test worker] o.s.b.a.w.s.WelcomePageHandlerMapping    : Adding welcome page template: index
2021-07-15 14:30:44.476  INFO 13340 --- [    Test worker] s.a.ScheduledAnnotationBeanPostProcessor : No TaskScheduler/ScheduledExecutorService bean found for scheduled processing
2021-07-15 14:30:44.587  INFO 13340 --- [    Test worker] o.s.b.w.embedded.tomcat.TomcatWebServer  : Tomcat started on port(s): 61385 (http) with context path ''
2021-07-15 14:30:44.628  INFO 13340 --- [    Test worker] c.b.s.s.web.IndexControllerTest          : Started IndexControllerTest in 20.213 seconds (JVM running for 23.563)
2021-07-15 14:30:46.289  INFO 13340 --- [o-auto-1-exec-1] o.a.c.c.C.[Tomcat].[localhost].[/]       : Initializing Spring DispatcherServlet 'dispatcherServlet'
2021-07-15 14:30:46.290  INFO 13340 --- [o-auto-1-exec-1] o.s.web.servlet.DispatcherServlet        : Initializing Servlet 'dispatcherServlet'
2021-07-15 14:30:46.561  INFO 13340 --- [o-auto-1-exec-1] o.s.web.servlet.DispatcherServlet        : Completed initialization in 270 ms
Hibernate: select posts0_.id as id1_0_, posts0_.created_date as created_2_0_, posts0_.modified_date as modified3_0_, posts0_.author as author4_0_, posts0_.content as content5_0_, posts0_.title as title6_0_ from posts posts0_ order by posts0_.id DESC
]]></system-out>
  <system-err><![CDATA[]]></system-err>
</testsuite>
