<?xml version="1.0" encoding="UTF-8"?>
<testsuite name="com.bit.stack.springboot.web.HelloControllerTest" tests="2" skipped="0" failures="0" errors="0" timestamp="2021-07-15T05:30:55" hostname="DESKTOP-ENVKODQ" time="0.352">
  <properties/>
  <testcase name="hello가_리턴된다" classname="com.bit.stack.springboot.web.HelloControllerTest" time="0.103"/>
  <testcase name="helloDto가_리턴된다" classname="com.bit.stack.springboot.web.HelloControllerTest" time="0.246"/>
  <system-out><![CDATA[2021-07-15 14:30:53.115  INFO 13340 --- [    Test worker] .b.t.a.w.s.WebMvcTestContextBootstrapper : Neither @ContextConfiguration nor @ContextHierarchy found for test class [com.bit.stack.springboot.web.HelloControllerTest], using SpringBootContextLoader
2021-07-15 14:30:53.116  INFO 13340 --- [    Test worker] o.s.t.c.support.AbstractContextLoader    : Could not detect default resource locations for test class [com.bit.stack.springboot.web.HelloControllerTest]: no resource found for suffixes {-context.xml, Context.groovy}.
2021-07-15 14:30:53.120  INFO 13340 --- [    Test worker] t.c.s.AnnotationConfigContextLoaderUtils : Could not detect default configuration classes for test class [com.bit.stack.springboot.web.HelloControllerTest]: HelloControllerTest does not declare any static, non-private, non-final, nested classes annotated with @Configuration.
2021-07-15 14:30:53.173  INFO 13340 --- [    Test worker] .b.t.c.SpringBootTestContextBootstrapper : Found @SpringBootConfiguration com.bit.stack.springboot.Application for test class com.bit.stack.springboot.web.HelloControllerTest
2021-07-15 14:30:53.177  INFO 13340 --- [    Test worker] .b.t.a.w.s.WebMvcTestContextBootstrapper : Loaded default TestExecutionListener class names from location [META-INF/spring.factories]: [org.springframework.security.test.context.support.WithSecurityContextTestExecutionListener, org.springframework.security.test.context.support.ReactorContextTestExecutionListener, org.springframework.boot.test.autoconfigure.restdocs.RestDocsTestExecutionListener, org.springframework.boot.test.autoconfigure.web.client.MockRestServiceServerResetTestExecutionListener, org.springframework.boot.test.autoconfigure.web.servlet.MockMvcPrintOnlyOnFailureTestExecutionListener, org.springframework.boot.test.autoconfigure.web.servlet.WebDriverTestExecutionListener, org.springframework.boot.test.mock.mockito.MockitoTestExecutionListener, org.springframework.boot.test.mock.mockito.ResetMocksTestExecutionListener, org.springframework.test.context.web.ServletTestExecutionListener, org.springframework.test.context.support.DirtiesContextBeforeModesTestExecutionListener, org.springframework.test.context.support.DependencyInjectionTestExecutionListener, org.springframework.test.context.support.DirtiesContextTestExecutionListener, org.springframework.test.context.transaction.TransactionalTestExecutionListener, org.springframework.test.context.jdbc.SqlScriptsTestExecutionListener]
2021-07-15 14:30:53.188  INFO 13340 --- [    Test worker] .b.t.a.w.s.WebMvcTestContextBootstrapper : Using TestExecutionListeners: [org.springframework.test.context.web.ServletTestExecutionListener@700fd401, org.springframework.test.context.support.DirtiesContextBeforeModesTestExecutionListener@7744d4d2, org.springframework.boot.test.mock.mockito.MockitoTestExecutionListener@6ddc5b47, org.springframework.boot.test.autoconfigure.SpringBootDependencyInjectionTestExecutionListener@198ed184, org.springframework.test.context.support.DirtiesContextTestExecutionListener@17afb168, org.springframework.test.context.transaction.TransactionalTestExecutionListener@461c150b, org.springframework.test.context.jdbc.SqlScriptsTestExecutionListener@499578ec, org.springframework.security.test.context.support.WithSecurityContextTestExecutionListener@267892ab, org.springframework.security.test.context.support.ReactorContextTestExecutionListener@4c3643fd, org.springframework.boot.test.autoconfigure.restdocs.RestDocsTestExecutionListener@6a24b33d, org.springframework.boot.test.autoconfigure.web.client.MockRestServiceServerResetTestExecutionListener@814e48d, org.springframework.boot.test.autoconfigure.web.servlet.MockMvcPrintOnlyOnFailureTestExecutionListener@6a1bd2ee, org.springframework.boot.test.autoconfigure.web.servlet.WebDriverTestExecutionListener@14cc5dfb, org.springframework.boot.test.mock.mockito.ResetMocksTestExecutionListener@5bbea904]

  .   ____          _            __ _ _
 /\\ / ___'_ __ _ _(_)_ __  __ _ \ \ \ \
( ( )\___ | '_ | '_| | '_ \/ _` | \ \ \ \
 \\/  ___)| |_)| | | | | || (_| |  ) ) ) )
  '  |____| .__|_| |_|_| |_\__, | / / / /
 =========|_|==============|___/=/_/_/_/
 :: Spring Boot ::        (v2.1.7.RELEASE)

2021-07-15 14:30:53.325  INFO 13340 --- [    Test worker] c.b.s.s.web.HelloControllerTest          : Starting HelloControllerTest on DESKTOP-ENVKODQ with PID 13340 (started by LeeSH in C:\Users\Lee SH\Desktop\workSpace\springboot-webservice)
2021-07-15 14:30:53.329  INFO 13340 --- [    Test worker] c.b.s.s.web.HelloControllerTest          : No active profile set, falling back to default profiles: default
2021-07-15 14:30:54.353  INFO 13340 --- [    Test worker] o.s.s.concurrent.ThreadPoolTaskExecutor  : Initializing ExecutorService 'applicationTaskExecutor'
2021-07-15 14:30:54.428  INFO 13340 --- [    Test worker] o.s.b.a.w.s.WelcomePageHandlerMapping    : Adding welcome page template: index
2021-07-15 14:30:54.918  INFO 13340 --- [    Test worker] .s.s.UserDetailsServiceAutoConfiguration : 

Using generated security password: 1787586c-6619-4982-9e91-87e1b0065ea2

2021-07-15 14:30:55.335  INFO 13340 --- [    Test worker] o.s.s.web.DefaultSecurityFilterChain     : Creating filter chain: any request, [org.springframework.security.web.context.request.async.WebAsyncManagerIntegrationFilter@341524ad, org.springframework.security.web.context.SecurityContextPersistenceFilter@51e8151d, org.springframework.security.web.header.HeaderWriterFilter@110f7082, org.springframework.security.web.csrf.CsrfFilter@26e89eca, org.springframework.security.web.authentication.logout.LogoutFilter@55232a43, org.springframework.security.web.authentication.UsernamePasswordAuthenticationFilter@75542046, org.springframework.security.web.authentication.ui.DefaultLoginPageGeneratingFilter@210c8662, org.springframework.security.web.authentication.ui.DefaultLogoutPageGeneratingFilter@4f81b72d, org.springframework.security.web.authentication.www.BasicAuthenticationFilter@4e3e7f69, org.springframework.security.web.savedrequest.RequestCacheAwareFilter@25e51ce1, org.springframework.security.web.servletapi.SecurityContextHolderAwareRequestFilter@4f84f3bf, org.springframework.security.web.authentication.AnonymousAuthenticationFilter@72f95c83, org.springframework.security.web.session.SessionManagementFilter@7373b2a7, org.springframework.security.web.access.ExceptionTranslationFilter@3168b22b, org.springframework.security.web.access.intercept.FilterSecurityInterceptor@29992567]
2021-07-15 14:30:55.389  INFO 13340 --- [    Test worker] o.s.b.t.m.w.SpringBootMockServletContext : Initializing Spring TestDispatcherServlet ''
2021-07-15 14:30:55.389  INFO 13340 --- [    Test worker] o.s.t.web.servlet.TestDispatcherServlet  : Initializing Servlet ''
2021-07-15 14:30:55.413  INFO 13340 --- [    Test worker] o.s.t.web.servlet.TestDispatcherServlet  : Completed initialization in 23 ms
2021-07-15 14:30:55.480  INFO 13340 --- [    Test worker] c.b.s.s.web.HelloControllerTest          : Started HelloControllerTest in 2.278 seconds (JVM running for 34.415)
]]></system-out>
  <system-err><![CDATA[]]></system-err>
</testsuite>
